Start testing: Jun 24 17:25 EDT
----------------------------------------------------------
1/1 Testing: cif_test
1/1 Test: cif_test
Command: "/home/amallia/common-index-format/build/test/cif_test"
Directory: /home/amallia/common-index-format/build/test
"cif_test" start time: Jun 24 17:25 EDT
Output:
----------------------------------------------------------
Hello Proto!
<end of output>
Test time =   0.00 sec
----------------------------------------------------------
Test Passed.
"cif_test" end time: Jun 24 17:25 EDT
"cif_test" time elapsed: 00:00:00
----------------------------------------------------------

End testing: Jun 24 17:25 EDT
